6EkLPse	9965e6e71b581a3e1ad6a9a8f83a0e3a
r5IfYXl	8f85c9e70287b32c030ad50d1f672bb4
wyBJU7F	5c282cc15c9829208dcd7d9c4b6a3c20
6rSdqly	4c5dc61d97cb7eb59ceea6d6761091fc
1njMrep	d832f2d835e164d31b8fdf61eae58653
rU0unbH	d62314f042f57b434e502d00506150f1
qrPS3qq	c673a710d1dff52ee52c5eb6e60ceb37
y1MiRI9	4119a130553f55e51558440e6777af58
JC4qy4w	cf4297beafc0274a113d294dfdd5f6ec
S7hNSyA	e4f920390216e711b30477c72820bf2d
1rWxPfF	681b4aba561bd1faa29670d2c5e16d86
5RsihMC	16a5f2e713766d111c955dba823cf485
GHU1yzD	b2de73e0efedbda336b3aafa821bc4c8
nZj5AA9	5665f47b10f0516606b4aa490fc271ee
wUn3A84	e460b14ceecff197bc89e519fb88ab20
2WBAQFv	709c357d451623d7033e057150ea85e5
hNDqkik	a96dcf048b2120450af1d3be44cf4109
4medrX3	403d379e82bb96ef451ba998b062c46e
qneAwxJ	cd75b30407f51550de6c2029b0371255
tfOkZxG	1468a9b5c885b804d507f7633fd3c32d
ewQGXH7	ed4ff095d724d0f5900e5a783b495e26
La5pHgN	09318f29f0d4df296966e73ea46bc26a
XWNOxlp	a1a06d9ef592c4d8cb7971fc1d384fe6
RrSzSaa	4e273fc0c066314ed92610d71dbd364d
nGI4jyV	f797d858990bb2db4ea235417005c378
Hycywtr	bda180e45222343f8425bd9c0b1a1f75
KYetCA3	0f057de5e9dfc47073901b6f9abe67b9
VG5zDHq	ef0210abb1bbe8fae4ed7d318a41a7c4
b9nSbo2	d6221d67174538f57c2aa89a310e9d86
gRHvNsB	f85fa2364bb2c973bf90bfd5554705d0
PVgxvN0	0862c9f9e2ef83bf3b263c9785487449
zCM2i5b	78162b137786bcfc29b5338324b841b3
EGlrf71	3454ec5ae8090053518512e81dc166fd
EeYI0AI	34405babd317c02679e8ff126f5c082f
AnPewCe	8d9ff2a6bb600043b600eed6ea081e71
kIjWBMD	8cfeba2852d5dff86a924ae23201a34f
nMIXsOx	df3c66044b2c92fb7c0f780a2f0ee120
h7SBuX7	44bbaac5a15fd4066b2c96081709f534
tQhBv0x	f20fe21c73b712198cbda4b4d9ef4d62
qA0rjWy	8e75a915aea596afecd5d73661354d16
uRAH8NR	4469868b472792f95a422c0d4e993def
NBrzM4I	d9b49800e4e4f92f1102b72d5ec92ba8
m52aIZ2	428ee1e2190938d4a7310abb6821f3b4
mdfHHJJ	e08e337056de35fcf1fcaa977e41ffbe
Zj8raB6	2d5ac8d4d4a5c40c5534595134e6af1b
4spP0du	d2ab4f7d6653e81dcfb8589d1bebe722
6WjG94o	3c100fd00311d1c80c684ddac7bd82ff
rWleN1v	bcdd5d91457794cb7311fe59bf569a7e
fjLTN1N	4453948f99a19c4a90779929b8de2754
MRZIZBB	a1f9989a7c5ab609a87eeb9eec0610b6
PRP7DXz	7789e74df002539013638d65491361ac
9T7eyij	1f86c904abc57d1cb9e78c0623a95175
zxqPYi2	101b041d202f22f234132d0aa6ef05df
4WknYkb	625ae12a04d5fbb0640a5c5c46166f3f
7okJb8w	a7fb546de4aa5b48a7733af68786e801
IeNHssd	506ce7c939d69181ca6efffcbfc00596
i3thJYJ	b7d86df1faab9d6d54b34144f97b611b
1OvXp4I	2975045c120b90b919e2c92bf1d0025c
Ub7ixvj	5c6d74af7b174278901cc9c6ce7610f2
Rehwy0B	6498d4155b64c2245b3006785403b8af
gFUqGtI	91380503c36b8ecc11467e47d8689538
JZKvIxl	3ea96c5dfd8c447b1b178a1bd68db91e
kzpMFtZ	827746d0bf649b2dbcede6c69b94d7af
oBao4XT	59a2eee3537c66345df06f41b817eb5c
Eq3YeNK	3a96a6dc3c28a6b6720f470efb178e91
YGAwQsc	ddddef7d4e7d4db0ec029cc05d410f3a
84d0mSe	b4372ce784615ae775f13796752e9902
yaBsMbu	6f376f99202c9619d652c3b5e2aa3726
Zba2yOw	a311226d4c170b81a6e9c6dbee78dfd5
SGg0Z	88915a57336ac634135444029c6f9b18
Hp4ODpr	e8d9a892e5f94fe8a96e41fe4a67f6b0
YzmM4Zc	07872fa2d302ce4d19615ba7cfd1fd0c
6Z8Jda2	43e47a2875d328432239f7e2b0f5b419
vAFUQZH	f48254132930f69d23ec96e914e8a72e
XQ3dHW9	c7464a39450ce05bd341cc592d866ca6
jYVe11X	f585140f734ee3c8a7b8e857b2b927f0
1SObNYm	3ca0cf5c67a403a5bba51439de6c9bfc
mxfDeky	d6e5290060d9d662ad71c1ef6a3db239
6ylrXJT	f6f00bc9f60bc45d01cd56a55b129de4
R51Ih7b	c038a7bcf48a8f3fd5081bdf7608de2b
K1MLDik	07a5b4d50c0be60447b0c3d3a2e8d9d3
FDYxeqo	ab3f56bc00948a1e28e64547b2c5decd
IiXyh6X	49f30bf1a8f05b11fe0ecc43f1e3d14d
O25JqlN	3facc1036ef00eeed162939115937e14
jT0b9dH	143e52c225b565cd7b44ded0aada026c
YkX3Di6	243e42bd25367846e3c7dc75de21fda6
Wa9yUg9	cabc898118745f2c0e29147a05f1e7c8
nrQ0oh9	f945947bc1f2e215b5f9bb2e86e79886
XfmlSVR	321d0f4c2aa5910677768f1993984628
T7Hebbf	32cb75cbee4a6ff6b636884ef855c23f
gYyxFd4	69d32f9be0ccaa90033abca60faa5cf1
koz0tb7	7af8709840199cea63348f488700fe66
fm5J17F	5851808e7dbae1fe1b72cc1eef6d662a
376huNB	e4eb395444cd4ed241bf6244bd871c9e
1qdauCE	25c1c34c5fa39583ea77f1d1656b3128
5ziospF	329090657d3cd05a7d45caae04866788
bxddfbV	aaea20190d2e46a2ba0837fe4e32dfca
CNehth0	c39e28384e8a55102da5cd9e7890badf
Ka4LNca	288b1e632e07cf77d2889c84e2d5a9ec
CTIhsz2	d4ab7958e71aa350662ac790d9f03313
FWC0J79	76bc8da0f3787577803fb178a60f762c
df6nFOQ	08e59be8b256a114d20de832f4e2e6c4
bcAAHwq	6c8cf961b90522c6571fe11478b35273
T7IVvcl	716e620c2de1f49dd9020d5a0ceb140c
y0ijVVj	a710bb34abc65b04081603cc5676ae1a
BhEEn5S	fba41f7215019da1de2f57636b6bc59e
lrUX2uQ	6761e0ab81de6205ba2c7fe0610ed95e
qCtKCta	d5a2194c29a05d18abf27280a359f93f
y7Vdu3d	fef2c78008260b02aa8cee8ae239561b
1lbVnH0	ac759601616151e46a2ea03d15543f00
21VwHIp	fc1f46efb775fa0607357a0543c014d0
az9IaDI	7fadd4378fce0ca192d9eddec1cceac5
meYzKY4	075d075d95fea680b8200b19a6f263b4
WBVPKLk	b293dfbc9cf3fdd7d8733ccc262eedd6
t5Zc7Qb	430e47d08da937c0db05788d3337928b
YGvKPyK	77b6988b11e603e3cef0da0421eeb698
wsc4tTY	81444a80b3057c9eb1c66939dd807d32
k01Utgh	342ca93c45d30fb0efe605828d8df854
069lq4C	cef2e7950327a056d4525410d6d09600
X3tyfX1	0479b66696cbc8fb4c4aaec29a35e955
GtK5wsz	c170b04a476ce013af661e61f52bb6e8
A38MKU9	222c3e968615b96c6f4636836d589ecc
5I9lK2E	cc44640c38cd3420f8e75cd02e4bfe15
lpuFdz4	5526c21bc009e7853aae04381f501585
Pg3kLKT	f9454df9edb9995538cb474e204c578b
JVgFcdt	26b6818d84cc3092752f6738914c10f8
9odGZ	3eedb48c1cd820e31840464183322843
dVh3DnT	b0da2b9d8774d3d4097eef8e9e0353d1
uueAqA1	450b8766c26f68eb8b29a27dd608e512
laJzGzs	44ae6ce32bcb0829dd6fb171032f4db1
sIlNDkP	d5fad00b5e1e1d0ecf58f5acdcfbd56b
hw1sCQj	a6a954f42ef8e64c4facde38660f193c
2aEgEhW	b79016a26e253f0dd2b8616761c65de7
uLBWipB	ac55242caa81f5199269ac2d63011d0f
HszkIAz	f1db159103bd4f32323a7121fd556033
QCkxr8f	09d729971802c552bcecb67de99cb2fc
zI5Sf86	30e76a1ceb675905749e78aa202dc50e
NV5N7s8	44666f5cc24720e6539b7ce5fb27cebc
N81x2S9	ffd41ac423d36082c86a4bb4cdc54431
GLkm0Cd	ebdd536e9e3d1830e29f771cbda2bfb1
Ud1kk94	79000e1ba02f2da869a7f86e70522caa
n5r51eo	3d9dfc5591d45e6e36c089a4355e17f3
hMAYwPr	f286fcc271b33f0364b12bf35dc5b464
ilNKO0Y	65c7e8aa570f8a1d6ed4d18fec96339c
Dil6zTs	3befddd3b4996131d304e46490c61323
72XcpuJ	a36ac504f1bdfea0a9b6e4d3c5cc6f45
NrDgu0S	138bc0420c4196f7375a5bf87ee242d1
ZK2GTMQ	a7f3c9d5e9dd9a8444997451f230f5b2
yuY3WUY	060757b30c8a661335340b4eff870a47
4naLTeN	e250414b8ede171347eeaa94e476beaf
rWMHJyv	c8083aa4ba71ad73214039bdf162d741
7P6xPra	b44189a4ca9dddcdd0004fc52bffbe6c
iKnFp5E	0e80799e44fc33593a4cc634c3e7b1cb
OKHV7n0	0eb018904f1b28a66aae0f3f2b943589
BkG6QVO	e7e8bf016cefab6fa7d67a8ca570ad15
RctRulF	911bbea4130fc1563d7b54769def5a26
rzve2CH	bcc0d92e2f2669a323ac73f99525322f
W6u2T60	f6e9e1b68f64ffce92309561015f548c
kOT0uZ2	4803d0faa161d9efa84fa3dcbf448014
xXORJ39	943cf6a09ffb432b332bc77a8e9407d6
6jzLasI	512b259a95012e2262de7b662e5c2de9
lZq6k6z	1469030efd13bedff1d372d959ca8c22
i4ftjJb	f0e8ab5c97000e4e1549e406c9a1b190
tjZRewg	452c47563a91cc5c7db51e2a51f27676
42exWKq	39aa7285576d8c03e5006fe1644b5cc2
swjL4ra	0023e25e9423eb38488e7b7aecab3550
PYEqSVB	2345721210d36e01ea30b2e4946a2eee
qrYKGBl	8b0a244bd9f0b0fe7490bd2cc091ef68
WUdLtWf	fd91c8a9f7c8cb961193033d29874f7e
OM2CWXt	28e66eb28b7d48c8d0ca60cf2c663761
JGzUY5c	63dc89c728341d15024e718f2788782f
sZ8L51i	e895e76a099987037add2ac67a15affa
pS4GGLC	b4655815d96be74bac0fca887a65bc8e
sRFRL0g	641a22d880e41dee23a96609da41898c
eMIMkWv	3d2be22dc2e72596cc380a2189c5a17e
6HP7alA	953c6f821769e9fe07e0f176b1e3ebdc
38OkGJJ	69e66e0aa176766d79710d1dee0be993
ttR35Kc	058bf56e9ffa743e61d0c3e63e0df1d2
9v8vdZa	66688f6fa96892e7228b5178a7c6082c
MckFuMl	de7d00a00b3d57b8e9fb868c9fa957cb
mDdFkTq	591cd4acc9d89acc0ceed0649154f72f
f9mobrR	42505727b36901cf05bba4179baf24c0
fhlvDR4	fc8e301b0d3a1a45f1c00ee178d7da1e
LcTRBuL	5594705d8da8e58830eee1f5658fbb75
b0Fa2tJ	22ce6b9bec675dee46109384a244b9b7
m594WuQ	f569959e170aa80d94702d30ca0d82ab
TgeYRYw	33a7565123dd09dfbe443bd55f408709
kfbFZGF	5f75cb7455a500dd4ab03cc7fe4cc643
5qc35nM	b368ad858a7f9823276ecd23d8a75f2b
r90qYoF	2191659af31514efb753cd835e04cc66
eDk1ldj	f0b87ff7777ca2e2cb3277b7ef4886c1
4JdL0bE	555ac31ceb5d1c72efd3c3a644641a0e
VMNzAFE	d0948de1d95a19edf0c7a9710404406e
wlIAHMV	2273f398cb911e7d189c3f9dc467a055
4es03DG	3096780b2b83ada9c5bbafa45948c055
sV4XWAX	f46082806ceaf27e94ae1de8e96bb4d5
LgkhLCe	268cf66b4de719004cf0283f576284dc
kjeEQrq	d88bf54c609c9b0713a70f2916fcbe39
ZX5Gnpc	521201be5bc8b2c793e999e05fc3b958
OdlEuzH	5aeba57ca32b67a9ce8432d4ebd74a7c
eiiFiVA	62af3e97c7100a012a8854ac4bfdf8ac
rliqDOD	7a9f71b5bd3648f8454ccbf126acf495
WRRwqFW	daaa60b1ed9a3082e84d10820be0310e
OIt1Iqg	1dc3cef96c89a18a7049f1bb6b23adeb
VZvkV4y	e519f086df501ae3af40273fb6e04c75
x0GlA8h	b5164669e8b8ac9662269a92cba273db
7cUYlhq	c1d07931e10f35b98a5feada68e3ca6b
DOuuLqp	ccc0e8d71541f6b77392136e82f9e0ff
conBM26	d1f04caf3ef8ed7fc0bb66c7704ed080
zsUs4tc	2a2398f4f5f447066093228ee2de5e74
3q2NaYv	831bfaddd5478d7b6869b157d0512b96
uXZ8bLy	a423ffd8807118f9084201a56ecbf563
0rMi6	82cc060e1a56b8e6e8d691d271de5258
RiLwvUs	1893c8da1b93e45d0c81fc00a4e528ee
L70Ri4P	48dd09fc886859557d250610b40f3dd2
5FHT5OO	1886eb56f6647ab817c3e1b1db102f1f
7J0PDDX	e525328eddd7a1c41130386768878aff
VOfJCoI	a2d0c6cccb5664bb924bfe9cb0683d07
ydaD2u2	87a8c7b8e4dea76370611073b65389d5
lxFcZ3b	5a51f8fe831809b9fd3f889de58bd3c0
qAHevX2	709349835f18480a96bf480992a525e9
HNNAaWg	1153d10caab0317d86cc5d2040a80d69
dNGsfx4	828656313e900e0d2415c9007e117cc3
CdgvOqD	e96fbdda59222294294a038b9dd46361
vHG1CnH	808f90d4ab31c1b93548542fada35aab
LAMBg49	66d37bd93a5494c41fcc6a42b8ebc60b
jpFKStW	0df2638bb190fc1c6a73b3396ad771fc
5iAqYAU	fe92516c9a940451738f7413c11890e1
ZMKfITs	1d9b5b0bad988b147c8b61556a95da36
dBKcQUY	4804d95c8a15de93c6a431f709248e1e
jzFFort	8cb140d707ab660a29c87570845c6e8a
Q9fp9US	253060767d03b5beb37041316f90c664
cdAn7Sl	98960caae93d2f96f029344087bee37f
Pdrp8EK	3625230586e28f511d9cb877a636b03d
gbzXzLq	bef48b6cf1944ee0a8d2c18c8b78b0cd
LOz33f9	f156ce47c812508915d24cb2a0a24066
ExWww2s	d89e82309e79d72f7f786cd57b536b58
4JsDxjZ	8fd0b31f9f0d17fc212859ac9890c725
O7LiyN5	2edbd7de4e2c1f9abb21f279dc28ad39
bC2l51N	139942d3ae15fc22553daf5280562f4b
4JhKdj7	13c9b1170fd51ee647c176cf3f9b249f
YNX1IZH	eeee14e634c396f1ff793adb20ec0012
MchnFEa	ec380c200d521f2ad4552682ed6a6ee3
seuNyjc	51ebdc9d7c66a80eecad56ee44a44276
ssJ7mls	fab49cbb8e012f031a6de9c58ca20961
fY2Rg1t	52db45cbe32ec79137dd4b56a660bfe9
HG4TBEs	12583bba29932b7585e98829fd487786
VOi4gKc	06dfac54dbb6a767ec0c3e13cbd300c1
9aUWBEt	856db24d7a2ce4d00539a13175711e25
snkrdwV	621705fb3f808e63bc6ad376ab4b0592
8Nd2TCf	f3456e472a6c03d6ba026dc74683a024
A1qdrN6	71c6cbeb59e85a722289ba12f1619d1c
4TbSXzn	a887c04bd2169364349b8b43bcc43632
3BzOwlJ	07f7b03f8de272c14d0dfceca080138d
P7lEm	4dff936f3601e0679a269f84516c28f7
jwg28uM	bcf67202d45945fcf492bbbb2aff1d49
Fso5rvj	ad487fca012c50b0484baca110fa2fc6
p6KIJK5	d05f012a7f3fe4c655d1859b304a5271
NCsG8qz	9b6ed71dfa55f11df383af2db56209ab
0azU28j	c3bd7ca3d414e804cf613707ed0ba6fd
N8eh7VI	28b7d00d6d306682e36af99cfa7791ce
H5HDvdH	1837197dc0382ea8d8c85e710d848859
WPdsbwK	3336ddfd3fe690108438bfde53508934
rD4ZYbm	a292ca8dc4adf783b438760ce63558d6
ZbVVvUv	a262863d526ddca2bbc9852cba135dac
rTaUn1l	d307e089d53aabb0bac146e56e078f29
9tC8x4b	cfa6c3eee9e9323fe13bb4cb89dd0ed2
h09AFf1	5aa0d868326e7beb471a9ca0c062735d
b2dVVxj	a4edd844f2a947454c7f8255e65bd9b3
uLCwOFf	5a118c63758c237359c907264a1f8aaf
ztVTl9w	cb26c0cd8e2ee3ea1be87baa957a85b3
FHPnZWu	4887e7321da94211953c44acb095efc3
ACsIfGu	beed42ec95585176c55e1b687119c2e0
mb7w2t4	6bcd6916318d8db03e18702b8927c488
8pyqpb2	921a339302153ff6d21758c6d9427796
XJZf4Zk	7c89d91433c6fefaf8d8d9a3638f8983
gCNBKCU	e47a752d123094165a46b8c1bdc8a957
HDpolyV	f134edfb3329e5d5098d48349e079ca0
GoB6NON	1a0aff76d0fdf0cdf24dc4212517ed6d
obqmnTr	57f86d9e8bd4b16efc3253c91307437a
fDKsquG	d338076dddbf847c8b189cbe42f294a5
xcZ0FRU	dcc365e660a859cfa86a793a9a89f629
WoHAyt1	e0adbde07361e65320ce4635a15227c3
5Rq0hvB	23213d6ce210f4aefa81fe0945df8ed1
IcwTOAI	8eacf9f22af4fbe450bf708f530e8121
lD4B9Bw	f31e5b4dccda3ad846fbd5d3a699cb6e
8tqEqrc	511aad119150a746942022a943094485
GnflP00	834826bcb9d37fd1221c378644502274
5gO4j	fa0af9802ec37e38cd07a5fb6a6d0957
xLA4Xs8	f8228f17aed44d4a800653b88f9f6fa6
5FD2oGX	6c969b0e38c2ce481896b1d58b9ee7cd
a2VMj	09f97916d717982ca7d95ab4c7ac33e2
glGP2dD	440ad198c3b25b37b1a1a48fb8dae378
YNDckMd	5636bb53f3fbd2153f5aba443f3b42ee
PFOdmwW	ad8f785e528fb208418cac9cf45dc912
4rxkpsh	9b3c1f5a992612cf3b76540bd9a84f07
haj4qMN	72fc60eeaa9c33edbf68c82330a81e05
fW2qzTS	d1cf4f6b7f1751001da7a5cfe0e211c8
FYDUpX0	00041daa3bcd9acd16e4e4dbde4cf34f
QyVvZTn	58d63c3eb8fcf603f711528a5edcf782
cp6jvNU	106c909e30692ea64c2569b6ec769ca6
tybt3Ak	84bffb353a5855dc4ca6b8767ef00fd0
p3eMONv	6a9d821f21e0e38958a728eedf898a60
s7vaFrh	81e26234aaaab855d7d3ff79e0937608
wt18EtW	4342c2f7b074086f70c6c241fc6f87a1
31Y2TYZ	b16326e9e5b4bffb05cd55cb0570d272
vR66ezW	4a53abc7a8b67a90ac1d09ced026d944
cyEj2	3a5bafc9857f059db41f4b6129e2255d
FXbCWDs	7ff7dabd4368e2c902468d12bc89a053
IfBqgQm	78d7df733a1fa04af93294cac1068f34
tv9kNWR	37e96a68436e8bf46c9b9beb7fcdd3c5
C8FFb88	aa41a099520fba6a3ef836d55231e607
xFORlS0	7ae7f5f5788362ca553de6eb08d1c653
zn6DJa4	370108ea9bd0b7e3c5435107982a5543
8ruSpaE	84f0a4e67f3d5780b17bb48472e05c02
cXiVDmW	6a4430008d77c7cbec871fdc78527db0
yNCVdYc	361144c31d13d7213d2a48535b1d3d40
kjI5PIL	cefef27da8e46edeca9f55604c3e71f5
NiQSZ5Q	0adb25b911e2e3990b6fb7c167ff99ec
OlMXeVD	c88c420ecda22a5ea14e0201f4276c5c
25YV66F	71f19f5f0f6baea3048f70ef0872dfe6
O1DSpoc	6583f6bdac358c0c01052b4063208ac4
e6vvlfy	32530b51be855127599bb21fda68ee9f
xMMbVpa	ad23b7ebc6c56e4aa6ef87e550253e4d
flOH61S	c7074136a5aaeba5f7a8ad3e95a610e9
3hTmCUc	f65d37bcd263493a80aeae70c9f303c0
jKWFpnh	7ffc5f39cff3dc8169a3664a2ef7320f
NWEJ73y	7aca0d3a15ae38850f42e3659ef887d1
9TqTvCz	852fc7fad69b390bc49303d2e4dad2ea
1kB9WcM	8e6af9c40f87792a9e2aa7cdeb124f19
hK37nOJ	e5712abf8894d4eae6c92acac7be9f8c
esCauSA	91f6ec416e6b863f2f1825ded1ee3ccb
3XPRxrC	6d912324affdff9e17fcb71a1c9ed5a7
QvQh4Hy	8faf880d83705786915101ac9e83d862
qBGcmiZh	997a026cc2d8e96aef2d256d465fb9d2
axAi5Jv	8fe4ec417ebb1e69385717c39913eb3c
E89YFME	94ac60041b89e29117cea639935f9cd5
fkegrHh	8abb82b29aeaf6fc17d0cf6f205fdcb5
O4AlB7d	d9bf18d0f39af10360186f794f3729f4
odZZ3BR	7d7ecd35fc498920a65d133c006ff6d5
ttji8B1	56a69f0791b308a3cb829aee7297bdb3
MAb4lqp	7ea45b505f1a334832b5535b8fdddf1f
RgJItbi	e5f14623d0e290f9bab29cebeedcb327
AwkgFLo	97d59d02246fc50ef9d25f8bae294f41
e25IOMf	37ef6089ab4aa5a53581284f0d352ad7
GJJneFM	38587c934fc9a9dea1a36bd478173d2c
niVBKIl	ea52f31e551ddbe67d630a2530430ab0
NeHXjl5	2cfb7baf213143c21836c3fa7843c6e2
mpWJLdu	66d33ed1738de573aa183b824204a8ba
Jv9uxim	ac7c92ba559560c3456a92afd1d1e51c
USFAn9O	7eb1e06f62eaf98bf10a26fefae99195
KLFqhSC	54d2b14f0573fac5deb893f4fdcef823
SViTTwu	d25a259bff2c9d54ae6244f7b5d1814e
gv3apLY	ec84d54577422345de3af92094d01cd6
HEqD91S	56dc164a35f83c61ef4d9fee0c456420
UGztBmW	50b0840f8d3c08a7ed0b52f465c63da3
oIPjOiI	854208c35366c4d582e25d186038b486
z8XIpTE	3a5f27bbbfd238fc8d81190b24f5f4bb
MNkWgSb	70bd7c8c96abe3067ed15388c76852d4
qWG1DMX	26d78746de4f02ce433936b54a278b71
A6dsHgt	498e9c3d40b8206e60e6fd6bddfda26d
YEbgbF3	2139de4fddff44a53ac1b0c1e57f2f43
6GdxxpE	5f8e492218c1652ed4080650a40cc99e
n4cFzIY	a9fcef0a24c8c4e9cada5f3470c90dbe
r7SPznS	6e1500abc2ce044030dfe7ea8717cf68
YxSsZNB	a3c06a4dbff15104f378e74c314cb4ba
2WQLqzG	ee3a58f303bb82295f1d4914189904b2
kr69jme	5f6b38dce23f0c2e07b10f09dc893e78
OkHnnuA	bcd5152e116235f7f9cf08f988f53042
91wQvIB	33134f17d3d48f2151b66b02c08545f0
I3o19h6	133346c6f8f4fa0e22feb1f01c618469
IqePlOg	dcaf366d936982be8cffd3b0b11b0ae4
CrV62Eg	b2e23148fecc414d85a8dd4f1ea108c7
2coUK0o	6de227cf043a15f3e59ea4e1e881f899
j6slU48	9026ca61eac09a73067fcd103e48387a
2zwZcqD	bb0f6fcfeaf4bca77c918c6446c325bd
NQ5nn	1fb233586a9e066549cd82e66a7b0b2d
RuYmIq3	9c27f30daa0fe1dde0bee29df7236f7b
bdraCi6	808d363138198c42631f27a757925f7f
2VuO2Jy	cb0d42fe60b92f8ee5ce3c94be1216d7
tYXBysm	428e301f4fb531372fb10af6bf3f3af0
Oihw2Ml	da39cbe91840bf6cbe4cc6fa1696da03
4cJWKtN	7ed859650b837691c6c796117c120bce
FUCPct4	bbed3c825fe6a0845b6b5d9c3ccadcae
FiftaRU	250e5fb35b4a0e3186ba7bcb9023840b
oC5N26H	0384012bc10c27449c59c1b78c60468c
tWy8efq	4d0ebaab9da5064e2b6369f6088f8c8d
YDAZWT7	1431e25391287fa8669ae0af6581ae67
3M4WBJU	5b34155284d7381bf9c7afbd371a2d67
jD3MWES	182b39b5455458137037d62a4b5b7068
w7vOvEm	2dfa85a7f10707c924f7a4a88238981b
dpqyzk9h	650521f9aa6c7ebcdbff530cf723e465
mpCdnCW	0d62194e035de693160d745f767d7345
JxVcPkY	5dcaa4d4871eaa8b471812d9e12de061
9Lnq0SM	2bb647385c489106b6457324a2165c8b
dNRyR3V	0170946d81ae2e09e3ae2ab9b31a5cdc
m0vilP3	1be725b08cec53eafd3e8416f9623968
kZoupjah	bda942bd12fc6303e6bb539482022106
SSDDrWC	1e59f686cdc74268515545517fa6c83c
KLWiQWq	4d2cb53bc2d3d07dc0e1020f4a619dce
LlBos4G	973a9e43c9ee656d673b09922ba49d49
7QFy6ib	0fe2040427ccf87a30c12dec760297f3
wZjYfxL	376a8825c5c6c6931f06f8860e39c127
xez7W8v	8da37a3c3c2da4f2ef6420ef93514a08
yf6CYIG	9d3aec63102346553c0e0d2bfed2afa6
dTfr3ps	16d1ac8a773de6c29c9f005bd2b9ae82
yBQzpsg	c9f4a5ba0f1ace1adcee1c0b9eabc048
ptFD9Ll	d79cc1ac9ad78f71846eee96f60b9f95
JlgA0Sa	bbedf7b805902f0048f1542ec32473ae
NFg6awu	55fe8b1fdadca55fd9cee1460bd90a23
ZMA4bBT	9d48037534f0a4e72bf3715c5fe8b7e1
fMw5x7Y	8c5065607883319aa866935cad5e6d3a
BHLmQya	51a1a263825f1cc41c5d911969cc3a95
mjsYExE	e5686d3013f547fbe4eafdd147f35201
qhuQyX6	ddcae44806ea58dcc7dcea611b72de60
sEpmSUI	50454e20fb89710b8f003648ff0ed498
EKthUn3	aa3a128afc80e091d484e42d4b539a25
AXlkpIy	74eff56dacc2a93820a82acd54edc8d8
pEGoijX	4ac13d2c02e78f0a9bed458d5665e758
lwx5OAy	754cd31af81d997b0b2b73ce68ce2138
5Px7hKp	83cffb7f337755fa8b8c934ca047ae1a
3tiwneg	4f886e2039441e22bd7709d42ef5514c
uYmbFHp	ff76e7474a6277f9f58cbc6f2263c4ef
uXccsk3	7027b525440b7f4cf52e7fcce3a001cc
GkBwopZ	c55181c0b46f487913696bd1153ade78
rwv1MGR	97bb5e470c00230bf0231059fa4f2672
6rRHFd9	4042606c9ea450d61657ed3abbac9411
gxIkN5Y	023bf465b7805078ac9144a54464e21e
btWl3f5	a0934128a95c09b1fbfcd03f344a299f
pCA3HVe	6d4d5ea271874f9eba26c0f03024b0ac
aQeFHvp	8fc740e0e2a99e6a45a7c9d0462a1116
iJOYDrF	4e356477547bd9c0051f2997746ba8df
i3RMSu9	d4a5a97e49c35360f47edac4817f858e
8QyGaLe	fc009f0d676d121067e11a199f62ab2d
V4lvuwR	7767a0110c5da3009eca7bf689a002df
heAJZzN	9c1eb37f026297df8b4cec35b3156397
mKiRU3M	88a71f4e5881f5408b05ec0c0a122ff8
TDyZbYn	b9bafeb186ee79e981791beb9fcc1782
7e96ZOc	6fdb6fbef5f95820ce8ac323df7e79b1
aVnGT8wh	7888cbcfe51c8916708b7cf8e9d53759
MNo2vsY	c0dde606ae2343bc5385c2f3f1e71f8f
fj8SQP2	709d9f5cb5bcb1628e9b42a762eaebb4
wHR7RhQ	3175f2a7569b9a195e599277d6e9d8d8
DeTOAQx	43e222a4bf25167f66dc9905a5632200
6WuppRh	acb6f76f600f6da461e7620f9615ee59
oq9Glp1	ba1c3ff28bf4987fb70d25fb2aacdfe2
EIWD3sV	5c267519ad065cffcb5cbd3be81b2a73
q8CFDnE	91f6f4ad6b58f14890ddca8808bb6deb
04y100y	45b7d3c420681205debbf57b323058bb
n4sHZgL	b1b8ead29266487b2d46abcf38c5c8d9
n4KuVao	2350b6ad0689af0c8520a4ee68c946f8
hbpDSGS	8e560085b269972203f100698acf7e3f
gWzJJvr	50c6f55056c49612e0be9ec78bb1d8bd
yBMaKe4	3239577b856359e9c56c5fe61ac2d163
bcn19Sk	ae9a9eb15d4dceec71733cba1455d1f2
hRFO0fz	caaeb5ab7d976a6ec861a2c2d610909b
XmZQKxA	e04b7ceee2e9241fe25bb069bd370b7d
hqOzkiC	0a3d55434c81413be217e189cb099474
9vWjrbV	e276ee53c74a810e753a3b97bb32ed85
lujE3YO	322edcea07dee4eb70b5cf18953e2b7d
NVbRiOv	f21a9801c0a634c60f80cf110a4f6948
R2KNN6s	988c5219073636d6c6d88cf10e72771a
TcEpERN	ddf216ff9c4a386d8894deaee77a6413
ggLftne	d8df4d05dabb0c07ada905005230e4c0
UJJuAhi	5d743c63abd1341f57b3a778ea904bff
BgYiuRv	2b18ebb1c9b78e21b73a643ace3176e5
SwZg5WX	66f7fe8a0fcaf6bfb67410531af8ace1
6De62VB	3ad6e31174112f63b633db85644238a0
H7WlIbq	5bf2574f81cf917bd439c4a6e5a00770
kpLFp	e25ad47f3420fb93eddc12b85d6d7301
uGIv9rq	4a02481fc77ddaf63d6316a8c79999e0
hDRXJJr	a4419f59ea5b8fabcef5d487ef802afb
xjq8lzC	d26cfd8ba859393336c1468615662256
YX5mxlG	000fe72e6b6d96176f69de75168bb8a9
6N92DZz	d520de74b17f2e72b4219dbf5cc26852
ue8cbAt	f5e92d1a2c1e3a833648248a793f5555
31DXETl	7c9b2152195d8a756bef7badedd5e29c
rkn3oKz	5f69569289d0777383489347484d8e63
HVDDi32	71883f95dddcd5890a07947d61474419
oaJXW8N	73b0e9e4319aa3e96b7bd76acec9fda5
pWFfefN	b54ff44511a46914c65567514cb5aa87
xFjWD3a	44e4c0a165f88e65891e989566f7708f
t2pmAk7	814e1f67ab5971df9a7ee0e62426288b
UTleBqI	520a0052a9e560c0f6834626b84fce22
TVAF5t1	e7f58abc25984afb7d9e4df5262a6a15
E0f8trE	4b2b58212f59d3ced0c1c259985784e7
R90i2sF	ecedd9bf0ac1788003f25d7fdc14c01c
hDIqQYP	c46274864a019075f54d0389d27b7574
NdTZkTs	99f6da1096ded021dbe08f499d3be1d6
cttcYHv	62e4fd76e717e6d318b5888c4dfb0b2a
D7SRfil	53da876c90a1b54474c049e70f7a1f09
Sm9LqqQ	74ffe5f4c47718d791ca55c1f49e7362
PIArEHZ	0f56e86e0cb4ac18a80f81216c1d3825
WGmRBMj	540f57e8038a038d5c8ad6f8428604a2
Gsf0FCB	d15e5e7da1e40a321237995c89622926
SnQyu6P	3af31225d86354598e5f46684f9ec373
bTfWzkY	6873e7293829ed1e5ae04b9784c5604b
cXptEcl	54eb67f05ee4856c0c93ea1a02ab4420
uupbuXe	9cb6bdac4c556cc798d55be0215b3375
SdCMZyo	62bbcaf21001ba65ba486f17d1681a29
KwKNeQd	fc2541c5f3a075257c163e87df639427
x7IRRXB	714f2257de8a64b082d91bc49d274c0d
qezAzBf	40df976270b2a1b8225ac12eb94422d3
8M22esF	357b295cd216faabcd3036191263baa4
KY0EMI7	1050cc1c693f1d3007d2790a4eb29ac5
6XnHjBP	aa1d57e8d9aea0846c1a099023d7ec23
iZ3SmTb	1a5502820291f10c283ceff177406159
oMGwMoT	b97c93573726250de3a763ae92cee290
7jBwhKv	116d2431ab72b5763814a7dc108fa090
m5NKH	40c663a954fd34e27c724d707afaa38b
g9f6q9P	63d693f4bfe73a16dc6cc6d4ff4990f1
x6A48sp	5a77024632428116eb290e7af88f049a
TmP5851	361c17432e569cf9ae967bf6ca7b5424
tzTIFZ8	ce9c810fbc79f7f7f16caa19e67a3043
RCkCi	9ef7b45ee0fafccc8baeb8021b7578f0
3hsOayN	526f81909ad08bc00c62b7600c239485
O7HNuG6	eecd95dbab2ba946dd3b138ffaee916c
Rfe0T8b	e196990b32838a71ee37292b585a8bc0
mm7pgNF	cc67e2e7b6e39fbd6132b0c09603238a
5CsKpYG	df3f4865828c7633a308ae3b512f8ec8
L1nf8hD	2ecf577f33ebe79e90dd97aac27b87a7
RsXR2mT	530711b0ab55d4db9c76e83c41a74b99
futg8q4	e6921d5e0d8c8a1bdde226264251b9f9
bIhvYPT	702f1ee299ea96a65f8261f77e8c3d33
y53kDQ9	9f2dd16ed57bf783012309705a87e3a0
6meVFep	3103a9ec516629ac8643e966564a5741
52U4da8	f1103cdd98194c63d36799acec8e45df
IlAuGdB	8925142ed4aeb2b2642b7eb241df5591
ONcOCAj	7f3cb40d30c1771989b90b273d004cc7
rTBxPBK	8925e1c67b91f45145d60328f0286e58
JOhzydw	ebed2c1b7424edf7d9aee7e896e0005a
3nLcf3W	1597f08ecba78850e226f54bfb04a1f1
oytQKE3	11519a5df754ecece4c7e444252f1ae3
IsiQGVy	1b26dc77cc34e54f9368e8ca9ff262db
1KE1N0U	c8371f53baea13ef3174dba0bb1388f7
hzGcJuO	89a4abff46f7a109fae4841112b655f0
IDjZbHM	4c469e284c3da22b5c2b68266f2332d9
HeQcm6f	172f791f37f24afde6392345957ac23d
ViD1v7q	501b59084e499e61fc8c4fab3e31908b
kOlCO1P	d5663237bae730b2c9d27933de11fccd
Jcoxw6a	6dd59f4a39fcbd64ea98e4342b18db59
yGOAf0a	af9abbd066e8a6894e4c712b5862f663
ehKXTOD	51b11a84891a5eeaa09758061abb0765
pQKyJ9u	daf7d7fb4ad7fb7267c9a54ab0ffa97d
MqFl6hk	af1fa998a0b5ebc4addf3378ff41810a
t7Zw0ne	d398832bf781c47b0019b021aef2468c
GX86aEo	4fe2b439ada66617cb7dac1f38a93862
VyTpG93	891ae40950877771850e81131658c916
wZWN18bl	c72035575bd78bfc721327aed266fecb
u00ursM	28e920bfc1bd588ca064a4d79990465f
9bvvvkK	95cfee8cfdbff21a5a0d6afce7e112be
yPyynDE	8f0dd1ade0932c504d65caafb2261157
g7uH7CL	1a18b81fe9c5299a228fe924f65fc6dd
Ap3kr15	ff3cfacaa4a33ad1c60280278c15ce4e
yVrsjTX	2d886a2234a4c340e6a1238ef8bf0fe7
57dI1bZ	7090c49b08ded2130bd05fd9c9261e6a
3M0ARaU	0f1cadeb2dc30738360c3fc85e3830a1
bYbFSeO	8130eaa07fe35f386f6b789404793bba
dvOg75J	6c53ee7bb894afcc9434e491bf7d0ece
34iWhK7	0304158f98d00616e3b2bfa91d829cbc
wZsA7n4	26bde8130f1a3b0af24ef6919fd5b99d
9tsBYjJ	b7bad25b319cb543e0e44ea0fee02568
IeN7B05	322aa96aa1dc8a1ca76fd480f2081366
i1dt6eS	dd80a998218650e406f54f383822d4c9
fQ1JJK4	fd3cd9ff56aa81fcbd1da8b443893457
gWusIwU	14e065bb586d18909c639036dd659d81
ZfFIMwG	610cf2b0459f42f68cde54fcadd7a526
jqhSqRC	111688258325e129dde72cf0db08686a
HhVmOn1	af0e809eaf213c5bb8523b297fe035f7
sA03upl	0359d4a29b66484ba2b75ceb0e2e06a3
0ACfQVq	0269164e41142677ee2f8f60b2d3a5e8
6qWmAaF	3f7b023f79cfc2bd8398a4f38c9c5b3a
KFTRw0p	e64b12d2a9c4f4db07c14d89b47f22a9
oAjLkfX	e446297bef175519750b9992018689ce
0gH1NvK	5cde56a1717a0a0db054382783f639b8
777gRxt	644a1a2d83b70d4db14d7bfb7d2fa9b7
EODHdyo	38d6de2e86227493d2af1408feffc62d
1eIbow5	4bf218679347b404867815b5c19c6c7e
8ogenCQ	a5eac24cd412c9c8695e305aa02fd952
z0suNyX	c2afae4de72e48f7610903f4f768fc91
5guN2Cm	632e80979066300f1228108c7b09da0c
zoLs6nN	da9d0e439ce5a27f61a95bc7b2ed8890
Ly6GwTo	52344ca8bab35af9d3048aa261b1fe2a
nak9URZ	e259e9c49c9bbdc5c3d7b4fa98402b7e
SLi7RWx	e253a6cf67d7443caafbce3f889debc5
0BiK44A	200c03fbcf53ec10eaf1bad3ef689385
n1ghxlG	26d900a429d788335ee90c42630ffc92
TSUxI	517630fe625cef952ff3fb4386618c30
EyEK8S5	4a6b225c1805b022e72dc21073e9c4b3
oS7pJrW	0acac916a7e1e8939f0eb115b2ab120a
aRdctZ3	4f575acab2cc7a8d026476775cdf958f
BVy84	220aaecca2fc6d512bda640740572a23
XyJxyRx	380b3697b7e6ec11206f4bde2a7f8d57
E31CLt7	ec9e03a14ec3ce5390205baf0296e719
7ZToQjY	3a2a4004cd8653d8a1b24d6dfc87523c
iqarWk6	cd2e2a02864e5c62c24adad7f8b5d2b4
lRjDr5W	005e935944de826e9cc6c837728cd68d
4ILZrHz	bfe6f06754bd1d0014711d7991252532
3htjTh6	6745254f4f573b56dd13772ed0f7ad4a
2UUW8kV	3aae87fcf4f795acfab1e283a6c0ba70
l4EB1YJ	b4de818afcf5cb71f2c21f71e8c93e2b
8Rx9wLy	9588940037147aeeec7297820038087f
yvLzo3w	484b69dce7c9e3ac83757cfa51bee142
nJxC3UQ	ec4db80902048f9f66c6606f65a73ec2
bhnpu	4096ed7bf70997358304bba00d41eb2d
Oo9xQXT	c5df94bbdb340cf3ae2771e02d8044c1
9LlGDTg	6fb9aaf4761edf2af69cb16319c87d6e
emdpV2x	cd4c1c75b6900da9202a5ce5ded81ca2
K61ihns	41a62880f0cfe5671c9a6980e955fe82
uMGpl20	0936e359a5a4a7a951d4960b0bdb6970
BsBSRTb	ca54ebbddd74de2810f1aacc984c8b97
ZscF7Ci	4d520614ce0068277f61f60dbfe68117
rPk6FQl	4fb71e3938e5669588beaca125e51f92
8PjybJD	b49bada82209e3fb38f62b14cdecf675
moYoPuj	c28d6f08702e513ea5f1d7443a814e88
URpg2t4	62298968bb2cc5db520fb789abae2d1c
HyYIQNl	b1067b460bd228e1cc16dbfa585849b3
MA6MRaA	f332b830d79d5b147a04e3deb0219600
MicxiNy	ee2eee9bac9cb2a63af604bd7f893243
cFmUrH4	f25362e63d0386333acfd47f4c660662
LDehTPo	e9b70a37089a21171d72049d4b04a94a
4F973TJ	d80f078e5ee50cadd7c154bd7df58a08
ttD05QK	96e65827a781d3f51b4efca2bbf33198
WhuQ5yJ	9f8d7e085aee8e9dfbe5a9257b752f02
1c4jotv	84d4b925d492bb1b5d6742d20f987dcc
RItg21B	d54037642dcd4d8eaf54936773188f1a
GNsHk0X	f33ed38c02d6146f987d70a2c67908fb
NhNzuYr	b295eb8deeecb8f5be91aed986c757ae
pLQuTie	a0354c32c339f7247ac70414642165f5
mAWJOeV	9877ad303280bfafd1ce1675b3368e49
MroNVM9	27a4dd239ec6b3de7313711252636d00
x2rV4dC	30b2dcc9ef0f8676706767437acf88db
1Ks3Umw	f3a20a4d8fc90c81914b41953059c8e7
h99Y6RC	4c522c234606ed1ec3958b2ba24c9139
2ZhpkHu	ca5455a94aeec0f045b2f841b62c61c2
oXvcsf0	8a02fd90cc65fe26d7829380accca209
bxe8ndj	464f42184b067355fc1e76e78da55d70
L2zznN6	4392ce9514c87f05294b450831b46dc8
Nm1lM5E	0762631ca65c26cce0ed5e7e68836037
x7fbR2q	4f78a673cd4aa0533146dfd64ac0f4fc
71yXJ5W	a251d4bbe73e45715c9b8bd1fcd74517
4wvUe4t	99161475726410905c8538c6b4747d8e
TRXkuh2	f70308b809d802f72abb0536923ac5ca
ySJ3Uz6	081df1d145cd9d665258c447507c1442
kjYfMTs	8a950d721e23a5bfcc473800ec83a631
QikXzEi	30b00fe4ee6cef5d837c137fa6493ca5
do3Yzhd	1f05ed214d2c720ee6376d12ea54b7ec
CDWX5VO	b65f9fe5c8da9934cc0b26062238b1da
HEZzxdY	0cc5de7936e2612999c0333a0ca08a0f
7KOliGK	d45dc1a0d3d9a8e2e1b92436dfc66a46
9EbaCax	73bf7076807112076a2fadedd9d96d8c
U3SgaAB	9317a52e3b2f4e8ff8a09b93e072e90e
zLcsxLj	a3ad8dca82609ad1289807d7f9fd01ee
vpL5WwT	4120b38d5960322141c7e60cfcf3848f
SAFgAHf	21740de1210762aa8eff793280caa7b8
qIYXgeq	5c36c66a2ba706da3c26d8ac32ab5cac
xUs5emF	d7e3990de9976e9f5a07c4044915ce9b
8V01Rdl	debf438a1c0dc013fa6c20d1ee71aaea
i25uGBz	2995353e4e34c2467a60f3b3bf7c4c04
dzNQlQO	b4169c369650a902fadb2c102b04290e
1ljIOLU	c5853e409436d9f2f816aea1a70b65be
luIsdo0	c7f5817c15dec1cceade286dd7e2636b
s6zNmAr	8218e72335df107079c3c7cd3ce299ae
lo6npkh	611322ff695ab9f86af2525d56f7f627
8uWhhdw	fd13241ea01e5148ccf96c86ec5ee72c
h6bJBs5	8557249eb099c09afb9def04a14b1159
26ppJdT	643885dd138bbeb8fd1396cbc7c959ef
h0idlPa	8467d55483ebf8c931ee89f3004348c8
jRTyHbu	dda8c32e321eebcc571cec1bd733e1d4
BERguNE	360f2d5d8eaf1c27494d4e8694978f26
GERK4vo	d75ee04ad469352d2e8ed94c3a6b10f5
vty1Vro	8e7a9e1294931f4aabc2b2dfa0df7fba
kdVANIi	36563ac96746f8fd162ef1640b04d348
0hpXX1N	00a5d2e2f501f0801bf116e616331e99
UwK8Lc2	3368fb08d46dfac4edcddf3d98d2c058
4QQSBLp	06a88f3bb674771e142152fcbf1f9261
oLN1bKA	54f930afa3e4b81fa7d0e019e38cbab4
eXTJF8T	cc3436e4bdc41efc4fe794713a9ee156
sltYuXx	5df5c8539e434f316e17658d4ca053f0
eW4pxj9	d337ea88409a626dfbe03d1fc8f2b788
DofI9pG	7e9dacf424d6e410e5de895e0ef399ca
QPkTD4b	2770a63cf1ed0ee43c86ebeb738011b0
05ktY2X	0839a1e70d073b737f9a064a3ddd5529
vcxjElH	8fd3cf548150dd12f5eacb4d2382f0cc
9BrDrLZ	06adb19a57eeebb12c973466e96416af
ifMJGgR	c543083528c0e1c0d8a79561901a288c
aWeNqlB	4a44332cf1353205073e0f9ecdcbd10b
YcWSZzx	4563690fadb9a382bc14d3ebb3ca3a6f
zIRNKS5	7e8f5b0239890097bc67c9c4fb6bf38a
GFzVHDQ	f915a3a9544dc3af4a19738b8d66f754
kpCRx48	810d934f838dc8c2ea6fe6bf4b6e3627
ojdXicT	c9ef5489c3ca5d08b00dfe480db97087
rLWeGbk	88476920ba3a952155c0f5a0c832efd7
Hc0DZmK	f0e6dbd131622ae205724f79af820e1f
ljTvRyS	86dda49478bf63fa5155e7a95e18a474
gPaStsg	fde471e5d144aa0af72a9089118a1202
zsSNJQE	eac0671ff2637790efea05b2d063d2cd
K44pi5J	4a42972efbebec9845a00686c94db9fb
WGzF1	2548b5be7f7a9ee3108f1696a1e9aeac
icLj9wA	6c9ba5d6f95f9e9ff31003c323a4c2d8
8BTzk0u	8f53aae1ed2841c0790a2da1b4ae6749
CV91X8B	93594cd1a97e00b5029c03e177fbd096
0laWhFp	99c27445f4e256bd9374bbe69b35deeb
fw2sAke	cc8c71d937f71aacacdf5e1426f69173
hgTKUHs	ed4eb8810b89bb17bd45707e2ff0ebb8
ClkLEhc	dedee276e3d2dcc18bbf2642345fabb6
j7aWupt	72d44f79ef51a50674c0c3cf904ad8d2
meKkgov	65d95494bb5ebc4d8007bbe1ff629775
3QiJlhA	7f51ed5ea26cc558c77c8e70a78fec07
zyBk1nV	1ceda508723e3a8626a3813b53f14f25
YKV2YQn	a5278ddd16cfea323db3d3d9ad8cb504
2teRsOX	e5673313aebf8b2e84d4c03abfe77888
XIDyVdo	8832629fbe35f8384a0472e53a30e28d
bT8uNA1	cb4c99568ec99d795cd946a74ee48fcc
F0IpG6P	27ea39b218841c52fbae7dc3f25b3c88
HPHrORr	d59260631f581fafc4816ba12ccc76db
NdmMfHa	635706f09871911a1f62ab3fcddb02f2
sbmZhvT	6fa19e2c1c0e5ec951da749c139a683d
1TvAPtO	b56d299761b7e00f6a6e31913d919dd3
p2nq9Nm	4fbe1fa68032814f7fab6bf9b86cfc9a
6rw8wsh	6345ec05d47b998a236eab982d4cde48
JG9YJH4	cb368eb260f58f900b806122a65e5248
FjCuPph	914ce3de825189c20ce021e5faa42553
m7WL9WE	00967a69a8ac080dbc6875134385a734
4s0J1	866816e2814854b2a0f1e246d62a717e
7mW8Azt	419fe357cf8cd6800afae65b78782ff2
g7lO98G	d96db313804a807fd2dcdb4398300aa4
N4PhpT8	9b45d0a9f8b1aef8a24d1a07110875d1
EFgnOpX	43c705ef384c39feb6c72d09ccace084
6Shrl6b	48e9bd7513a3cbb252fce3e323ad3518
85faFKh	4db74f8cdd854025ed01a4652f171e4f
QyYBTIQ	7298af7580f00ef3c41113fa5b6c1bbe
klIE174	c5376820d69e9f5df6b02503e55147f3
ZOqpp2H	4d8ed71b3a7415ed3fc940eb3346854c
SmtuMtF	7d26e95c65ff54f0ec40e23368fe784d
xOe9JSN	aa1e990ccfe6f6cf6bdf19ef708f79cf
RvKZBDR	351707257b1a14b4bf9a8cf4797e57cf
u9BKA7E	8c88d85a8bfad017cb01e1418f396d4c
7R234Gj	58db6cdf38964585275ea1aed8da7a0f
2Eslli1	246966b303357f00044547c25187c345
sX0APFO	8fc798ae39c822d4d9e442e5da34293d
Rp92gq0	7294bb8f65045eec18f33da4ba428601
zypnTAH	ade979cc6265e5f0dccca83fc0552463
acNsr0k	c0066a58e027ccbefa1a06214945924c
q8F9AIh	b4d4637ac1eb0ebded8ce819e2604691
vjgyN	ba15a975daf935de708796af5aa99f88
RtuFFFo	235074d4bfff1f6407e54d4679b55df6
bFkLIow	1e8374a97d534ea12837be52fc9355a1
iAzT7OH	9f22c50f2c531d503a8ab06fc78645da
87U3exM	aebeccf171ae9e3166fca28a69a762f4
qoLa0V8	cf9ea68789b0f0f3e592a08e6d3c08bd
MwjRZd9	db7e2f60420ea50643a3dd16bbeb8f3c
YXn5AiF	4a64a416e41b448a9063a72559946c66
QIEvWz4	46f4e33f3d76ac4ab1b5e78978974dcc
BLHHbx9	783c8c5f2f35b99a08d87f2258b6f188
wNttb	4eb5686dfd17b06a0fe860d601fb8fae
mBT9OzS	fe7073af861c1da0c8fb08803df773db
L4O3ELo	98fbfb7c6c052abd7d6ee7b9eac5bdd1
cXCl8J7	8e73067c01afdb1d081a0a1a1fa4c7fd
f1pBhGQ	462a0a983f30f8cc82110483463b36bc
xNHkGuG	9d772f443590878dcf07136ba8a348f6
LAnwsSL	636f3045ec2c8e71765c63a15a43851c
mfe8H1g	52da1c8cbd282798d26f57714cc62d01
euehBwK	ad961adb3e62855face353e00372a733
Wt1TQhW	59d1ba9890c7743575a8bb7df2cdbeab
SWbsjbW	e70c4bf1cfc69e6de26d6fb69665bd36
HjOBSDh	7087ef012d83dc5ccb9fa8123781117e
EgEaCYV	12fbe3b035fdca0cd2dd3443e0dc7b94
iQ8hrUs	216b34688aea390f32f512cb6b153cd0
3tqpC8G	e0a86cfede9163f678491b93ddd11a16
kVTgdoQ	c90c5816eb046bf71e4c7294b024e157
6bxtm86	e4c078cfb76ec111718cfb2a331a27d5
zEpqg2c	614f53317a1b21932d18924386458ad6
hZ8cq	7ae9a0a7dfd7e912dfef875b77605d56
ucOS1Ni	43e7bafcbb783619524ec981933e7762
5j4cx9V	41f0dc725f734bfa75e214df4a3be0a3
4eR5lKF	17b0a30de76b43f2591ef0d0a710c8f8
XD9EE0z	1915d6e51f3cd57be24d885e9f1c9228
Vnwtll0	2b64101e2269032eefe1dd3b69fae2a0
YpPoHs9	daf3d8350b87a95b29935d538b1dcb1e
uPSL4Jj	39e6bf177281a52289e2b489f4407288
qlpj2Qa	e0b44bd334736a602a2029919b744a7c
LBrzqzW	bc90663e4f97bc097335d55304e78e40
EPHyaOU	8905f00a0821c649c660f4b954da11d1
Sh4Uw24	0320afc1747bca9e3e95aab7dc2c2d85
WvdSHof	74704f77bca1016bcaf46fc35888fb03
lhRd1v0	d2d91e60c9b558705ddba72d1f4f8a17
K79vqiD	4b78de08f361fd0cd82a28cf305deca0
za9FKxh	56d3f87c5c469a8070902068185becfb
C1fbQK9	461939fdcae1b9eaae2262d6ad9497d4
oMAME6r	d95062cecca7eee730d92dac55b3cdd8
OFejz8m	6a0ce3be4a9e8a5eda247244d661b2af
Axq2YG8	82003b6ed53aff559e95df45b0e3de19
Bg0N0Oi	59ea5cecc2d67d2e056333630c92eef2
rkzoWVj	f628c6e89167b9ad08fcb74e79c7049b
cWb4j5Y	59e3c4335e0318c074691188c59b19df
9tmJadW	844d7e0d26d8ba1e4030b0856ac7b34f
IYxnbGQ	ba457af00655b2e518d8e68b744adf08
Ar3J0cU	1dae1686adda7c64627ac96dee290a92
MELVEs4	5190ab82d716feabd860ff81a6ce7ab0
u7VsjTg	f02ce430c2e7ac89b7160c3b034b4615
UnJoZkq	1428c597a4d3e767d1817572a4a72897
MSOa0	a39907db4141400769b5154d29b3d260
SK5rVSE	fc93d8317af4b035a8cc0a258427e0dc
QWXZmYx	e479f39d6111f6fa11c608181332bbd4
6k5g5jb	9ca56df3ea4cdcb49af6ea2d3029726f
UJhllkn	e8d67cd9df0d16aead94f3944e25dd40
2eEXJLD	ff10efcd4921692d40fe5b38aad97011
yesh0WC	36fd97250d73c546f38bfc973350caf3
iakichj	b7b268425eafe0f1bea84228dafb7a08
lIsu0P2	82d69cd6033752c784ef3ed2b1f93589
9seTKga	93fc7ed61ff2ec27b50f6b7e0bfe7ebd
UWB41qY	3380d67a33f8f7f9db53868cb019965f
tkeyxN3	c57a144f529cd7d6536d10623b7655c4
LWb4u4h	f9408eb44e7d8694fe48f31c56e7d8a0
Xtzu1Bx	000455727a3ed50ea87ca43d368418d4
5jvgMj0	2ef36a0a0cfd7b222e1b40ee013d3bf3
gC9AbA6	dde866dfa3a8f3f5e07bf85f639dddda
2ckQ5g1	39b6bb1e1430042f88013a7d4d9725bd
krVpD0E	65e515654711fe923dda9bda4a627aad
hpLasYI	af6225f6b41c34dcb9e2c8ed12333155
32Sky	6c5aead4315e97106363530d01b9583e
Hi87xZL	74d90f5849f30887bd8f16d8a25a47be
PKSMqix	6e8b7b2e63fee58d6f65ea9365d8c663
KkwO06S	381c91acb1a02ee29d88a7fc505be73d
e1WAheB	814ceffd4aa8aed7140798ac60bb9bba
BsvTPQV	facd3ede9e90017141d650601766686d
NQPlAbe	ca83587a7014cd4baf8fae24ad6c26e0
bJKKj5d	c4e701cf7d576aed1bae5b44524528a4
BA46WRn	ee67dbc886ceca221f497ddad466c4e2
HBGzbdi	c1195171a5be252dec269e02f22dd5b0
adFLpgT	ca834d9b1d4134459f045c9adb082194
imFmYQy	b059e6b5e9d4f90d5185be4835c9cfde
Skjphqv	e533fc1bf38d092b0fbffe66509cc668
GIHvTxe	5325adda1683415581490842a434c144
zIwYa7z	9b6d5a40f9551993687f432a9a0996d4
AHZ7Jrr	3169ea57cee2c4268f5d3883efd3e0a7
iIUZxzp	49aa2c32aa5509d426e6db1055dbf3d5
Mc4boO9	3f43e4f7686eedc588bbfc623fb26d36
WCseByc	d459b6215691f4ca33a60ec753eb5788
YWetGHt	74222454e40bc473a7146303f7411d3f
eFuGPfD	b2400bb44f93f2cee70a8c4f771cb0c7
AnzH7EL	03038f501a3e0d2ee3d706883598bce5
XT9GC	fbe165edfd3b4d6ae6cbc83ad0f252b2
nC2hEcZ	dde9a956e75a947327f3b24617c6e27a
IGfnWsR	82cae731029f6412365d6546e06ebb99
Mw5pPI5	61cb7647ef47e2f9e049a5ce2238b9c0
cmSKUlV	5af9643d1c392c980dc03b7d23879528
sfsnDtK	711444fb0ce3a77c2c8b518c2064c834
QrcIUdD	ae3d6dccf57af397109a33e2fa82f982
E6jqHH8	5a40cae4c5bba472c6b15d9dde7f755e
C80JFZZ	ebfa3dae17f5ed8dce15d3cdc9f967e3
HyaagXb	32cc254a7f89680ad91b15430aeba059
l1d69w9	bb72c565d9f5717cd89489e9ea0f279b
yWzLnjL	bce39fea2a9288f5eaf0b316e1cbb51a
lP0olq1	61c330cc30701889874388d3467a85a1
00Wo8nQ	7cedb0a7914a5336d2de9a21a58eb788
XeQuh	03a98fc4a379857bb1c6f3ba8aa1e62b
WcpVr	5ae84689375bc354c91a04ec0f2b4ef0
D26PCHq	2eb1933a2fca410967ec550953c3d737
RJQojqF	cfdfc8a3f297ff0bfdd143878d87169a
RCD3D1o	3b2ea6014d401b19a5d1b35e48cc1c87
puVGiBH	e391555e0aedc4b78be6b8cd840c4e31
6lsOmw3	f5d16b431613951c74d741dc98904db4
2I9JsMN	0003aab3b41cf5f0b5db3d2e6b3d25f1
3QWt9aW	1775fdd34372bf046d79dedd7b7920af
gvxTiVp	aeed74ef69d4e3b2167b807426bb48bd
cnqLlP8	da995fd57c9add430fb4b026f1c396d9
wsUDRbo	732a844d37fb8e5a6c777c3c0c37f4c2
DcpP6HV	1a55374299d259e05663f846ab9ea333
G0DUJj7	c3661381c3e4027f3d5ac5cf4f652c29
AdIG627	c65fa33ae649fab1e447ddc4162ed93f
TKQ3o0R	ea3e36a448c4955e97704cfea9b5a4e4
1NLDVQQ	a2e0bc9a8151c289a1f023e6a2f18a07
232n3DX	4bcd81f62a3ac6b79e666d24f93f9e90
AiDGGNG	6c807e1313d10797617c77ec234e7b46
yMaHTlP	40ce7cf46b46a49795f1b2710d05b23b
Sc7keRt	ae5621b57c6ec959cf64881063a71d2c
EZmmgfE	cece733a1b99966e707723caf1d28715
N086uC2	fcd65a5470d7a37d13cf06c67eee547b
FYPgI3P	6697e1655ca57773ffbdd9de77621e47
a61sGYn	704b4851f6f95a0f413413da5313b46b
aWeHyNa	b513a4bbff9698447e69d0909b953ffb
pcjbwRs	8d1ca8a4743a29e62db0fed397767edb
MQietrY	b8bbf84c474e409998ee405edc5c93ee
QJ8tNug	e8ef2f21e127b696fed962cde2316536
cW3DIVJ	cdf4acf680dba9a6ade1baf88c0de061
D5O93wN	dfeb005823b51aeef952accc5902baab
4x3enzi	612f12a0d63480d2580b4f492d46ad34
w3FBMQN	84022ba111df47df8016a187292a7bf2
p7vqC9A	8718a1f67e238c6e4655d5944964368b
R8YfkFE	4341f3adbbc1d8d6fb08d2f73d118490
KlwMRgy	c0d40f28a923122f59cde7fb383201a5
ESSoSls	ec8318f8ff6380ae146e79e796df6c13
23qyn5H	e99c0ca20859dcfff2a125886247ea43
mdcXafs	90aa3342cdbec4eaa994d0822d6edf62
JotNO8M	553f030019786973f2fe59c273770ac0
noK6xuk	65acbb4fbe7d0bcc84ea5967f656649c
RXzVB7y	f6a03b9429806f463f509eaa41cdda76
yXSVSws	04d490ddc81b96c70d53797f50a8e236
FoGLNu5	bcf0282aed1eb122eabd182f70cbf4e4
4osSENa	155ae28b6df691532a8f7faab0532c6a
TtoJJPi	ec0d160c333d2ae9b41e2867be80591d
ad86446	4dbd8d62260b5422ab617b057fa36ca5
PinfUDh	5fb0d4b37d006009edcc951248d5c073
h3P8w99	f489a6b7ac1eae64e33e30a692c979e9
6N4ZlrA	0458040a13f8e9de59c14f1be6e4dbb2
hNKaiEz	6ae3d2381951a8118ad9d19d4aab31ff
fHE2wRF	0d6a9c3e154080663b7db9acbd171bc2
99RedmQ	63d565221fda46cdc74c4ec959c4969a
mgjNR5k	1687fde2e2f559abf2e97bfceddde71a
WzFqU0u	308a6ddb854d0f2e8d30d6fe4f24af1a
ttwGtdQ	19f8d48d3685ce15793f7dc1db190bde
7t8siwy	dbf4669ddf50f725032266b603896dab
TCD7MaR	6b72a5175b3b4948896e4f216d52a540
Mysjbbq	0a1c693893a65c93852d196134ef16ae
wQnKSfJ	2c01727caaecc0078f61dabfa552088e
SoVxnVB	af8c9788d009dec702f08964599ce098
kXzwMkI	7d23217982dfc23d0f355435413bb042
aEXBSFa	7314c15424832d599ee510d0c29770d4
PDziIP9	d325959d659db46037c9704dfde4cf6b
FJOy676	9fae8a95c84acf115f125ab7538d256a
6wEPAz0	08d0efcf8d5b832b39f38a36904c02d1
WvpZSOK	555c36cb437e6cfba44001d94d55f832
dQ32xyl	1d71797738279852c75ff6e87c728094
cRC8vyI	8ceaf1bbf02416d744440b2599aa9647
ORGEmZe	3a8bb67687a3fc2a89f244441ada6a17
fKN7mmK	06a4160b2c93dbba5a995ee2249137b3
adEOgtY	ac67559805b532d1d1e4021ebcda3efa
noJjInU	bbf1a8412a3bf785d77c45d978ed172d
HVLF4wS	49cb0f5fd63d9592337e4b942bca2130
nJ9pagB	6f0837d7277c08fd37b68ca90059cbd3
tPjwCZg	9d0ee2a64a524e3c1cf1a3603ec16e23
sZlc8JZ	f49c1fbdf78f3240b8c45ab5a842844d
sQ1MCvv	df10503b02cc67fe7b9f10158dfc07db
i8a6RGT	c8e60dda9653d93273910839e5a5cf34
WjswKMP	57f966aa52ce648ca4674c89d9a700db
Ggbd4m4	b050dd320a7faafbdd0b45c0fc9ff9d1
9x4DE2R	5e914d0886229f45f4c7cf8a45e533eb
0PSlOxM	24e5a0d25190c93c9537cc398a6c3bb9
1dBRDsM	9348cdaac80378ca6744f697f5d97ad7
EICdPRh	3c3d0ea5f57d5f2bef290d9008e19bf4
MsQfZVg	a6abc559ad560e8a7339aa9bce75081e
BBe1sYu	1527e3c5c5be3ccbe791a3babc4db196
tsG5jqx	152b42849186f322f0330ee7933eb2d2
EInfBkK	852710a676b76d31d6fa4e8d74ac9da9
IIl3Yuv	98bebc0b314dc2e027d0f6cc1d4ea662
kYoLjZo	514f430925d5d2bddcf2abab9bdf178f
FKliIj2	a78d03e23d36a1ee10a1c95e92364420
BAlSRMM	9ce1e73ea1b7f88ea8c038dea52d688e
IDhNBU7	f23049c6b1416148317516d23ea9b54f
aCp6kwQ	65a715fc19c75c764e5fee9c3b69611c
NOPv8Nt	d6465febbdeb03f6da05f3d406223a55
PAVaKia	7ef8349b73ca83c77036fe810d8a9468
wEyKgiX	dea901f105cf62393d7f150dfa759dd9
RfGLZsj	6cf9b11ee076a4ec20fef691d52994a6
dPlb58f	8f9a5e83ba4c175c628c8be1cfa04fdd
H9VKMJL	4495d55358be8c6b2b673983c25c7cbc
iHJKCGA	c77620d86610005c8cf1d2b1270800f2
7gZb8oY	65c2a6073ec806c08e1bd37df992217e
AAAFYiU	ad6a8c85e7f4799c6370f131de454e1f
uas6WKs	1189bf685a9247ce92063561553354da
Oe2TuJb	dc0cc18f389ad747838de4908e65259d
YwCgw2U	1e906ea46caf4c89a98bf61a40aa3cd5
Dpv0LAI	54c6995f9bc3436a1436afa7001a39f3
Ll9LlUi	a115c1946c4c16bb3f430415b69e713f
SSLpYSR	af3c3f750e18f0524b119d22a2609726
FkkJx27	8ffdc8e1f3c8ce01dacdf2c6d36e514f
glMBF8Z	53116906afcd9729ced9eee112806d80
iX9tn1W	d57da6e3c390d1b3d42638c47ba9f25a
alvnG	45d6feaf434698c936a96af8f5f87be8
nI5UslR	d37f886d3d5d31b29fc28094fcf4a112
QJnDZNK	105bfbb54df4da71baf5da46706e4255
WVLce5G	f788b7217c08e507f97d851a213130fd
gLlUghF	b0374f93be8cf13171c31e2331a3feed
VKp7nzY	3551e0ffa03dccdce5d39bd199e2bc64
w2VA8e8	b36446e350696d7e6ced502aafefcea5
yDpjdNy	41c02b783a2b863fcd1f8de5d3156375
VgPyunh	a57629658f343d4beb5842be2a4bc160
ZHH9rHz	78c33a7301ea10d5d0b0db1f3538ef9b
QyDQHzr	7264853366263563f7e9aed52090e464
eKD1Ahl	9eba952dd2c4129663bc75bf06380f9f
f0M6J	a88e5eb6179da311933f4fe8455d5582
BTWeuEx	b14ab317e4a3c00895c3edeb2db3f098
1uqYvN4	7a44a6cba72abca984387a538a37a448
atvgpGg	874728a472c7e791fdbbcb7f279ccccb
OwVXy1S	2e4f981bb310527fed02d74bf441db17
KckGkNp	cf0351de53a6a6cc8759f6b31bf8aba2
8A6VdxE	9fee45557f21f4d22bbd97a950595bb8
Mgck4Aj	d665256df7992912664f792e254ce5d0
xqnlTLs	2a62d2ed310178e1f2a57bebad410860
964yitW	f6f80fb67e57b1ecdae5b9f3e41cbe28
OUTmv24	fac4c78b3121ea7bfd8ab13feefb5c75
JCRRhHm	7dda129c57b53e609a41becec345f471
i00BFHN	ae1b5a74d8489d9073842fdf16372a5b
5WpO8Km	2a42e01b667e5f35740a91c210f70abe
fkYwFHE	6c5dd7ba290a3ca4be7fe0e6cd366e1c
iinHJdih	e73849fd7a1406be265ddddbe43cea9b
dSZY9Js	c7f9d4f9741a854f0ff3104c6a864a0e
3g57egT	7e7dbb8bf3b9d387cc9f22a051dd6255
zKnJFVe	5faecc7e784bc6ab9e2509b17dfece61
G25TkRF	7857818a139afe5ecb9be70312f66787
1VKXg0O	4c969a1d8ff7101783a64db966d6418e
xjnYtzj	9a2d407f6dc1019e23adc62f0d7431e2
AwPW31s	acacf26f4c5c11406b3f248a20206504
lUBLAet	1a9ed48ebb2072e84316b143cacd11ba
mpcl99X	0eecfa7a1379383084e1e48ee152e026
ZOyal10	0317674aed200775a78ce84ff8035e1b
mmDXs	53d0d3507f0de38776c57135452690d3
2yyufe4	44f9152805c864f584d8d31ca7d5c83c
8uZJCIV	d300c178c8df71c67ca4810c6138f373
kl8hNlz	6a32a8b7fe4e3288f4e1659853147e1a
f9TVTrG	28ba4d0ecd20b29fe25506747257fd0e
wD4t3Nd	abff513d750ef5958c0c2423600310c9
SvxV9hh	33756c888b1002096ff6472b03b5aa9c
rmlR8Ai	d4a213d7d4e5d33a8bce4a51c6ec039b
vkckWl5	0a9bb4a3bde5b7ab910c7da476bb0e50
xZcFReI	b25375d45f9949460c3210c9889b741c
YkuCdfh	6c5b0c49b8cd1ff419ba36177c1216a8
Op7wM46	3d664f8ebc6d7446a959b083152337d6
NORUkUF	7630e618d1c7defd1c662eba4207214c
ylTY0zP	aeaa5df1ff508f1b7e58ac471eb4247a
421hwYa	49aaf024cfd3a406ee511bb839009ed0
FGoSqpP	775c6a23e1bfe6c35c6556c9493bfe04
AgiK58X	76d68e45303cb0380b053b36b86e9fa6
B0sjUG9	c0a61bd29f07ccac475aa708c8ed24a7
4aag5nF	166b191fc4727e48eb0f9a3bc70e1b4d
ZXsi6Zy	666d085eed5f01d4fcdb8a42551e9728
8o0aTa3	9eb101a2248875744bd990843299bd3b
BXj8Gec	8b10b12acab3ea3d3aec0b55bf75beec
KYvnyXe	fb45eac59acec0e9941393683841d6b2
rlBWudS	2b1c97b27b5d108e11608338f158d663
fc5Mdcn	542f24eca03a2f3601344425315d6f38
6sJBELS	d6e1ecdb60e54eb307cc52447b470ca3
qwZ4b1l	5a15607546e7022727a2c7344b466a05
IX6ARUf	f24d55f94eaab4e7831a6270f9099cc2
V6uuyBi	3fc154aa0dead991b9a4caa15b1224f6
4r31x4p	d42a6ab152a90fd50edffe12c59cd1d4
bX1Ajfi	d7cfd20cddfe6a9fee3b9bea5e1f6564
N4mVy4a	bff6526a63043edbf2bd38396b1a7ccd
KBiYoUc	a6f3922d74fc5a8455141c733ea72907
Zqo8GTh	acc2b5a42101328d96d32eb69228676b
9B9WxPb	d1c01d35ed3c61cf1402c282b0bfc772
3yCuntb	80e17f219d8ec4e07742a291945767c7
xcJ4D0S	7107a756f49d356240ee095cb404dc2a
4ph5wxR	2db4fd3b651d927ed471dcf5e137af6e
rvkUgHd	8dfd7f9ac97a0d87fe5b9d545fc0501a
jy2hRWP	1221fcb7c603fd50c305ce9116731ebd
5dNIF2C	8e8dbb44524580dfbdd375135d624fa3
eBPq8Cp	41e4a134e049e83d49aa2144ef3b6789
D7LTaYZ	1da8a92eae6d50aac84dd0a8736a0919
7Em4R3z	8510a4272ea799a4bbc3fc5c841577b3
rkqN7ZE	dad4072cf666d20c33b58680c12ad1e3
LmrvBDX	3760d6a2c6ce6e5098835208399ca3b4
OWln6k0	a18003b01216bac19f6315dfa158bed5
Jraywgv	fb8e8c54f76838a31759b8de595e81fe
PakQnWv	361c17432e569cf9ae967bf6ca7b5424
aZrF2yt	e51919b718045dc3e47c35f743768ce4
nb3CWc9	f9f557df0e94e1e598728673f4b1310e
NTXvANe	ffdf88e77e4974bb26a03c9da159bd75
lcPc9MC	20d89cbdd7298f394852f8665fae4d63
ybhHUy9	32651ca4bbea6bf9d3b9d7ac68b7a2ff
ZE1HUdf	55faca9ce4634a806153df06a593a01b
5MTEi5E	8f44d3895c77ec8b4020c2075eedd897
lOQTGQ5	4b61297c89722b9e0080640bcfc8f20c
h4vE9ZR	679b4f5164a8df53060ab224de620410
sLyGyK7	43e695b592418fda52b94cdc7a312e92
G1FKidZ	2c08dd2b5d9f74ac89bbca40e04bbfb5
1e0pGca	de160381f5c09972662d3f60211a6e21
6rfsEbe	fa8619c14a37dc3cd80e3bdeb8210b1f
EDR7Pmt	599037d047282b88508c4ad3d07bc751
9EaabKb	c0e1b549f9646d4263e14d3bbe777e4c
RXnUY7I	797293332c6bf4b311569b145b435b86
HolQl3M	311c84beee99ef3471cbbe46550967a3
qMglrXJ	09c61cfaa47f54659582a07686f0982e
NwMyXGU	55b81e6690293b930571dc1ad6ff27ee
p0juQmx	a6e4889a8bc97d760d6368602f3a4ad6
BLRGmF5	277d045b4ed66d19a16360129d1296f8
QjBYh7K	1c79fff5f262c6c4d32ba97c2f5eb58a
tznaayJ	11cebee96e373d012c4ae13484bd8254
FB3VLnN	9fbd78ea389b87b9d9229818a3d2a5cd
bNQZEey	c22ba1e634c70ce1927aee4b6454764d
ONiSsks	efb418d26b0e6a2d81401f853316cb61
cjjsvCz	602cea0f23cec7d918607cb7b7ecf47d
tATp4BI	a1d712d9f50fec912ea56af0126f3b48
feKi8w4	a7ff70c397b5c50ce30575fb6030630a
0GZ6nOJ	9120d04eef8c51f2851b7e856a30bc7f
iFC6Jjl	5c88e1e0ed6b554324697b59f3b4e877
vFIVUmC	5641056bd16adb754d43ffc52f4cd78f
olmXFFw	a02ff1d7270d9346931cd24f2f3aeace
DYIVLMc	54d2f3c40fd33ffc81118a1cae5879d4
hdU11W7	8bd7351ec126b3efe1045b36a5e1307b
Hpzc2pZ	6dcfa3686dc95dbba38dc08e273b6f77
I6wSfYN	bc6f9878d563ab616677631f323c7e37
o93Rcwj	ad6f28f23b5ad7a0fba4fff1d6eddb3c
sPi8c32	2a7cac30d2ec086070afc5762142b04c
5O3AoSU	793974e168a14fdce9d2be02cd1a455b
iCGXFWr	a13b5826833b061284b62041ff238d68
szMGK6e	baaea64bcde75379d0117daaa472a9d3
GUYavvn	ee8c0f8c4b3d9b42d80f7e126b34879e
oJpnmqx	66fa58b4e8efee087188f869ca33bdfd
9UrGU9n	78ef5a74d4f6a8c5f1e4b69952e5d05a
v65SZMf	24f0e1d61bb51cc63121ea0fa65f5102
IYVc9zm	3f1fbb95db83442644a77e55d700edf3
8F64Wc0	cf8f6b4c956c440523f72683684448b0
cg5bmcF	57198d74913324abed9605e76a8b1cb5
m889iY9	df6d812c5988567282dd7c174a65930f
qh7yseU	ec90912c8b2139fe2d74fb0ba458e08c
DPvpSKf	f1d53b6a859db1333fc92e8377667693
tJy8uMZ	248da5531e4c326fa1464926bb2b076d
gUCLifg	d6b1598fafd90d8c8cb8d22617337ca7
PtPJZnp	14e45cf06c9582764a6c518c4cbc4dce
WJ3v7po	22e6ea4d46a8b09caf784e3fbbb1ae61
NEAwa0w	3a967a21cfa6b66a9b0118ca9f8d1f12
ENrQis7	8a3560d3a6184d89e264af5fa9e46353
XTqQwVX	8e16e69c5cc84c27803b353009f7ba54
MLuwj7A	2b16a4be208983a2c5231efd3142c2da
Bo6uigV	dc0de50d752e67190ffeb24b42ffe59f
wgn354D	ed8962b5ebaa0ea78c7639e224c238a6
Yx5aKmx	3bc9ac22aa4b46fb608095621e605ad9
o2TrlA9	b5a9af260a6ce6a9b302bab0d2751462
Idip0tp	8785533373eb588fd1e49a7537894692
PBpCPWj	6fbf3e0f239d8105f03282b5ac8ca366
h29orlQ	5296ddc1a4cf233ee5347528fe753d87
wT2CBGN	00c835442b35610d8d0561e2b731049a
X3aSQq6	773ebf3a3d7177030ad299185df318e0
o6VNL6G	32a4cbc178ba2a7e6f7bc430615142cd
CZumD	4e1feba2b2997da3e3f41b430d59de1a
poJq3iw	b9a954ebef8eff2dcc70aa2acb6999f6
dByvtLy	b42c6d650e94459d5536bf70f3ace057
HrklkNA	1c5fdaea02b35181918c20097204933e
EiEHvX5	012506d94501c124d92fd45e7f2cd5e6
wve0QFS	6acca871e7ad8c926b48bb10595b436d
g4B9Cap	e72f9b7fd04121e095d4df0d18aba402
4TtjXX3	46cc17666640d518e636611103c2168c
Kmw8EXb	0f759a28027f99e5af43d22ba33fb3ed
obiA8FN	044c61ff56e2578d32b9199856bdfe25
2upSCkR	6737185fbd6be2b03ee45da65e2a0296
454eQ5b	2b300f6a4fc8fb82a60e2047b1f16fc3
x85ZErU	a1425b1265392a4a1f3ed7830ae703ef
DqF4TLm	9b9a2695f868b64c6800a5de6fd660e9
larfT55	5b9068ab7d6092d84f146ec72f134359
DITVgrH	36cbd2a6bde10b7750e52bea7a387119
uNH6s2i	5f910e30ddc808cfb02060d9b6dcb14d
SNSE05q	6c42ae636f67a26da103915d93d8ebac
Kobjfto	0bd866159c95afadbfed3ee5a79522c3
RCQms5e	7c2eadc7c3c746f1eac004c4d21d076b
pWqpYYl	41822e79b4b9fb446ea8c9074b710ed6
A7bf0jL	ff183ea9b20b39666b5b9f211edd3756
N48wqOW	58300687affb246e4084fa45f405646c
yB4FLxX	9bcc6d0455cd7588581db81ad886e619
cZmRtnC	960172b08e98c64643d69db55d6890d2
BeTFc1i	b125ff26ac3d97a979a49675e2f342e3
buB09Rv	c6529c955dfaf32de2a3708cbc19ba82
FnrlUA2	864dfb7d5aa49129bf73d035fd3ad785
a8hb5Tf	c8ebfed5090295e73de737349cfaa901
js4NFH1	1c2d5ba24ed992be06492f5e89b5c3a5
DmmKwNP	518df8811993863ebba3e07cb8ffe4c3
Logs3Yi	59762c3f0396c9a986f7cf06e0d01ca0
xtXnn2d	5b1b5fdde763272bbf38184638c0df10
HDcq2mS	4d0c49ec68a863f1872d89170065be2f
R7eS99Z	9aa9ea94e1f173024936ab8185d3a0cb
86mNB	d1fc72035b9ee13429bf9edc836027c5
ytJ4wIy	889ec9fc7b2284d495e60e09231c4df8
izeZCBW	11558f96ed00d4770ab8bce82fdf313d
wb789oc	b2863c2b601ffc6bf505fb3bbe54d97d
RPI5Gly	ef9b8c2665e919ea1a8de56569e03717
X86mho3	8e7f1d47fd7b19b268e3937062b191c2
4696el1	0101c1877236a3d88fc00776945b13ac
WjrBPKV	90ea5a9c0b8600d6340ab1f73838a337
Z4aJd3g	dbe340c741c6d822dd6b21d8c552f5ed
cBLxCDM	f402d6db2356b95e332a18be500d7ea3